<?xml version="1.0" encoding="UTF-8"?>
<testsuite xmlns:xsi="http://www.w3.org/2001/XMLSchema-instance" xsi:noNamespaceSchemaLocation="https://maven.apache.org/surefire/maven-surefire-plugin/xsd/surefire-test-report-3.0.xsd" version="3.0" name="org.greenalien.spaceappslr2.SpaceAppsLr2ApplicationTests" time="8.519" tests="1" errors="0" skipped="0" failures="0">
  <properties>
[...]
</properties>
  <testcase name="contextLoads" classname="org.greenalien.spaceappslr2.SpaceAppsLr2ApplicationTests" time="1.067">
    <system-out><![CDATA[22:16:32.067 [main] INFO org.springframework.test.context.support.AnnotationConfigContextLoaderUtils -- Could not detect default configuration classes for test class [org.greenalien.spaceappslr2.SpaceAppsLr2ApplicationTests]: SpaceAppsLr2ApplicationTests does not declare any static, non-private, non-final, nested classes annotated with @Configuration.
22:16:32.227 [main] INFO org.springframework.boot.test.context.SpringBootTestContextBootstrapper -- Found @SpringBootConfiguration org.greenalien.spaceappslr2.SpaceAppsLr2Application for test class org.greenalien.spaceappslr2.SpaceAppsLr2ApplicationTests

  .   ____          _            __ _ _
 /\\ / ___'_ __ _ _(_)_ __  __ _ \ \ \ \
( ( )\___ | '_ | '_| | '_ \/ _` | \ \ \ \
 \\/  ___)| |_)| | | | | || (_| |  ) ) ) )
  '  |____| .__|_| |_|_| |_\__, | / / / /
 =========|_|==============|___/=/_/_/_/

 :: Spring Boot ::                (v3.3.4)

2024-10-06T22:16:33.181-04:00  INFO 13532 --- [SpaceAppsLR2] [           main] o.g.s.SpaceAppsLr2ApplicationTests       : Starting SpaceAppsLr2ApplicationTests using Java 21.0.3 with PID 13532 (started by Chris in C:\Users\Chris\IdeaProjects\SpaceAppsLR\SpaceApps\backend\SpaceAppsLR2)
2024-10-06T22:16:33.182-04:00  INFO 13532 --- [SpaceAppsLR2] [           main] o.g.s.SpaceAppsLr2ApplicationTests       : No active profile set, falling back to 1 default profile: "default"
2024-10-06T22:16:34.512-04:00  INFO 13532 --- [SpaceAppsLR2] [           main] .s.d.r.c.RepositoryConfigurationDelegate : Bootstrapping Spring Data MongoDB repositories in DEFAULT mode.
2024-10-06T22:16:34.668-04:00  INFO 13532 --- [SpaceAppsLR2] [           main] .s.d.r.c.RepositoryConfigurationDelegate : Finished Spring Data repository scanning in 146 ms. Found 1 MongoDB repository interface.
2024-10-06T22:16:36.835-04:00  INFO 13532 --- [SpaceAppsLR2] [           main] org.mongodb.driver.client                : MongoClient with metadata {"application": {"name": "spaceapp"}, "driver": {"name": "mongo-java-driver|sync|spring-boot", "version": "5.0.1"}, "os": {"type": "Windows", "name": "Windows 10", "architecture": "amd64", "version": "10.0"}, "platform": "Java/Oracle Corporation/21.0.3+7-LTS-152"} created with settings MongoClientSettings{readPreference=primary, writeConcern=WriteConcern{w=majority, wTimeout=null ms, journal=null}, retryWrites=true, retryReads=true, readConcern=ReadConcern{level=null}, credential=MongoCredential{mechanism=null, userName='spaceappsuser2', source='admin', password=<hidden>, mechanismProperties=<hidden>}, transportSettings=null, commandListeners=[], codecRegistry=ProvidersCodecRegistry{codecProviders=[ValueCodecProvider{}, BsonValueCodecProvider{}, DBRefCodecProvider{}, DBObjectCodecProvider{}, DocumentCodecProvider{}, CollectionCodecProvider{}, IterableCodecProvider{}, MapCodecProvider{}, GeoJsonCodecProvider{}, GridFSFileCodecProvider{}, Jsr310CodecProvider{}, JsonObjectCodecProvider{}, BsonCodecProvider{}, EnumCodecProvider{}, com.mongodb.client.model.mql.ExpressionCodecProvider@6e60f18, com.mongodb.Jep395RecordCodecProvider@5cf8676a, com.mongodb.KotlinCodecProvider@47f04e4d]}, loggerSettings=LoggerSettings{maxDocumentLength=1000}, clusterSettings={hosts=[127.0.0.1:27017], srvHost=spaceapp.pxrnt.mongodb.net, srvServiceName=mongodb, mode=MULTIPLE, requiredClusterType=REPLICA_SET, requiredReplicaSetName='atlas-hlm4ng-shard-0', serverSelector='null', clusterListeners='[]', serverSelectionTimeout='30000 ms', localThreshold='15 ms'}, socketSettings=SocketSettings{connectTimeoutMS=10000, readTimeoutMS=0, receiveBufferSize=0, proxySettings=ProxySettings{host=null, port=null, username=null, password=null}}, heartbeatSocketSettings=SocketSettings{connectTimeoutMS=10000, readTimeoutMS=10000, receiveBufferSize=0, proxySettings=ProxySettings{host=null, port=null, username=null, password=null}}, connectionPoolSettings=ConnectionPoolSettings{maxSize=100, minSize=0, maxWaitTimeMS=120000, maxConnectionLifeTimeMS=0, maxConnectionIdleTimeMS=0, maintenanceInitialDelayMS=0, maintenanceFrequencyMS=60000, connectionPoolListeners=[], maxConnecting=2}, serverSettings=ServerSettings{heartbeatFrequencyMS=10000, minHeartbeatFrequencyMS=500, serverListeners='[]', serverMonitorListeners='[]'}, sslSettings=SslSettings{enabled=true, invalidHostNameAllowed=false, context=null}, applicationName='spaceapp', compressorList=[], uuidRepresentation=JAVA_LEGACY, serverApi=null, autoEncryptionSettings=null, dnsClient=null, inetAddressResolver=null, contextProvider=null}
2024-10-06T22:16:36.870-04:00  INFO 13532 --- [SpaceAppsLR2] [rnt.mongodb.net] org.mongodb.driver.cluster               : Adding discovered server spaceapp-shard-00-00.pxrnt.mongodb.net:27017 to client view of cluster
2024-10-06T22:16:36.914-04:00  INFO 13532 --- [SpaceAppsLR2] [rnt.mongodb.net] org.mongodb.driver.cluster               : Adding discovered server spaceapp-shard-00-01.pxrnt.mongodb.net:27017 to client view of cluster
2024-10-06T22:16:36.918-04:00  INFO 13532 --- [SpaceAppsLR2] [rnt.mongodb.net] org.mongodb.driver.cluster               : Adding discovered server spaceapp-shard-00-02.pxrnt.mongodb.net:27017 to client view of cluster
2024-10-06T22:16:37.573-04:00  INFO 13532 --- [SpaceAppsLR2] [           main] o.g.s.sentinelHub.SentinelHubService     : 7fbba9bc-1184-451e-8798-57f32b1d863c
2024-10-06T22:16:37.575-04:00  INFO 13532 --- [SpaceAppsLR2] [           main] o.g.s.sentinelHub.SentinelHubService     : ZobfJdr20gkraR8VBLSidTgf8ISXpUb8
2024-10-06T22:16:38.202-04:00  INFO 13532 --- [SpaceAppsLR2] [ngodb.net:27017] org.mongodb.driver.cluster               : Monitor thread successfully connected to server with description ServerDescription{address=spaceapp-shard-00-01.pxrnt.mongodb.net:27017, type=REPLICA_SET_PRIMARY, state=CONNECTED, ok=true, minWireVersion=0, maxWireVersion=21, maxDocumentSize=16777216, logicalSessionTimeoutMinutes=30, roundTripTimeNanos=828007600, setName='atlas-hlm4ng-shard-0', canonicalAddress=spaceapp-shard-00-01.pxrnt.mongodb.net:27017, hosts=[spaceapp-shard-00-02.pxrnt.mongodb.net:27017, spaceapp-shard-00-01.pxrnt.mongodb.net:27017, spaceapp-shard-00-00.pxrnt.mongodb.net:27017], passives=[], arbiters=[], primary='spaceapp-shard-00-01.pxrnt.mongodb.net:27017', tagSet=TagSet{[Tag{name='availabilityZone', value='usw2-az1'}, Tag{name='diskState', value='READY'}, Tag{name='nodeType', value='ELECTABLE'}, Tag{name='provider', value='AWS'}, Tag{name='region', value='US_WEST_2'}, Tag{name='workloadType', value='OPERATIONAL'}]}, electionId=7fffffff0000000000000121, setVersion=18, topologyVersion=TopologyVersion{processId=67004ca2400aafb97d42564e, counter=6}, lastWriteDate=Sun Oct 06 22:16:38 EDT 2024, lastUpdateTimeNanos=2177713469303200}
2024-10-06T22:16:38.202-04:00  INFO 13532 --- [SpaceAppsLR2] [ngodb.net:27017] org.mongodb.driver.cluster               : Monitor thread successfully connected to server with description ServerDescription{address=spaceapp-shard-00-02.pxrnt.mongodb.net:27017, type=REPLICA_SET_SECONDARY, state=CONNECTED, ok=true, minWireVersion=0, maxWireVersion=21, maxDocumentSize=16777216, logicalSessionTimeoutMinutes=30, roundTripTimeNanos=827999500, setName='atlas-hlm4ng-shard-0', canonicalAddress=spaceapp-shard-00-02.pxrnt.mongodb.net:27017, hosts=[spaceapp-shard-00-02.pxrnt.mongodb.net:27017, spaceapp-shard-00-01.pxrnt.mongodb.net:27017, spaceapp-shard-00-00.pxrnt.mongodb.net:27017], passives=[], arbiters=[], primary='spaceapp-shard-00-01.pxrnt.mongodb.net:27017', tagSet=TagSet{[Tag{name='availabilityZone', value='usw2-az3'}, Tag{name='diskState', value='READY'}, Tag{name='nodeType', value='ELECTABLE'}, Tag{name='provider', value='AWS'}, Tag{name='region', value='US_WEST_2'}, Tag{name='workloadType', value='OPERATIONAL'}]}, electionId=null, setVersion=18, topologyVersion=TopologyVersion{processId=67004f7cd730dccc755ce0f9, counter=3}, lastWriteDate=Sun Oct 06 22:16:38 EDT 2024, lastUpdateTimeNanos=2177713469295499}
2024-10-06T22:16:38.202-04:00  INFO 13532 --- [SpaceAppsLR2] [ngodb.net:27017] org.mongodb.driver.cluster               : Monitor thread successfully connected to server with description ServerDescription{address=spaceapp-shard-00-00.pxrnt.mongodb.net:27017, type=REPLICA_SET_SECONDARY, state=CONNECTED, ok=true, minWireVersion=0, maxWireVersion=21, maxDocumentSize=16777216, logicalSessionTimeoutMinutes=30, roundTripTimeNanos=826592900, setName='atlas-hlm4ng-shard-0', canonicalAddress=spaceapp-shard-00-00.pxrnt.mongodb.net:27017, hosts=[spaceapp-shard-00-02.pxrnt.mongodb.net:27017, spaceapp-shard-00-01.pxrnt.mongodb.net:27017, spaceapp-shard-00-00.pxrnt.mongodb.net:27017], passives=[], arbiters=[], primary='spaceapp-shard-00-01.pxrnt.mongodb.net:27017', tagSet=TagSet{[Tag{name='availabilityZone', value='usw2-az2'}, Tag{name='diskState', value='READY'}, Tag{name='nodeType', value='ELECTABLE'}, Tag{name='provider', value='AWS'}, Tag{name='region', value='US_WEST_2'}, Tag{name='workloadType', value='OPERATIONAL'}]}, electionId=null, setVersion=18, topologyVersion=TopologyVersion{processId=67004b06045a6e33a9f235fc, counter=4}, lastWriteDate=Sun Oct 06 22:16:38 EDT 2024, lastUpdateTimeNanos=2177713469295499}
2024-10-06T22:16:38.208-04:00  INFO 13532 --- [SpaceAppsLR2] [ngodb.net:27017] org.mongodb.driver.cluster               : Discovered replica set primary spaceapp-shard-00-01.pxrnt.mongodb.net:27017 with max election id 7fffffff0000000000000121 and max set version 18
2024-10-06T22:16:39.277-04:00  INFO 13532 --- [SpaceAppsLR2] [           main] o.g.s.SpaceAppsLr2ApplicationTests       : Started SpaceAppsLr2ApplicationTests in 6.529 seconds (process running for 8.389)
2024-10-06T22:16:39.282-04:00  INFO 13532 --- [SpaceAppsLR2] [           main] o.g.s.SpaceAppsLr2Application            : Current working directory: C:\Users\Chris\IdeaProjects\SpaceAppsLR\SpaceApps\backend\SpaceAppsLR2
2024-10-06T22:16:39.282-04:00  INFO 13532 --- [SpaceAppsLR2] [           main] o.g.s.SpaceAppsLr2Application            : Testing SentinelHub service
2024-10-06T22:16:39.286-04:00  INFO 13532 --- [SpaceAppsLR2] [   scheduling-1] o.g.s.scheduled.EmailScheduler           : Checking for emails to send
]]></system-out>
    <system-err><![CDATA[WARNING: A Java agent has been loaded dynamically (C:\Users\Chris\.m2\repository\net\bytebuddy\byte-buddy-agent\1.14.19\byte-buddy-agent-1.14.19.jar)
WARNING: If a serviceability tool is in use, please run with -XX:+EnableDynamicAgentLoading to hide this warning
WARNING: If a serviceability tool is not in use, please run with -Djdk.instrument.traceUsage for more information
WARNING: Dynamic loading of agents will be disallowed by default in a future release
]]></system-err>
  </testcase>
</testsuite>